{"/mnt/c/Users/Clayton Weller/contraction-tracker/backend/app/handlers/labor/create.ts": {"path":"/mnt/c/Users/Clayton Weller/contraction-tracker/backend/app/handlers/labor/create.ts","statementMap":{"0":{"start":{"line":1,"column":0},"end":{"line":1,"column":67}},"1":{"start":{"line":2,"column":0},"end":{"line":2,"column":56}},"2":{"start":{"line":3,"column":0},"end":{"line":3,"column":50}},"3":{"start":{"line":4,"column":0},"end":{"line":4,"column":74}},"4":{"start":{"line":7,"column":2},"end":{"line":7,"column":null}},"5":{"start":{"line":8,"column":16},"end":{"line":8,"column":30}},"6":{"start":{"line":9,"column":36},"end":{"line":9,"column":63}},"7":{"start":{"line":10,"column":17},"end":{"line":10,"column":76}},"8":{"start":{"line":11,"column":2},"end":{"line":11,"column":null}},"9":{"start":{"line":14,"column":13},"end":{"line":14,"column":null}}},"fnMap":{"0":{"name":"createHandler","decl":{"start":{"line":6,"column":15},"end":{"line":6,"column":28}},"loc":{"start":{"line":6,"column":34},"end":{"line":12,"column":1}}}},"branchMap":{},"s":{"0":0,"1":0,"2":0,"3":0,"4":0,"5":0,"6":0,"7":0,"8":0,"9":0},"f":{"0":0},"b":{}}
,"/mnt/c/Users/Clayton Weller/contraction-tracker/backend/app/handlers/labor/update.ts": {"path":"/mnt/c/Users/Clayton Weller/contraction-tracker/backend/app/handlers/labor/update.ts","statementMap":{"0":{"start":{"line":1,"column":0},"end":{"line":1,"column":67}},"1":{"start":{"line":4,"column":2},"end":{"line":4,"column":null}},"2":{"start":{"line":5,"column":2},"end":{"line":5,"column":null}},"3":{"start":{"line":8,"column":13},"end":{"line":8,"column":null}}},"fnMap":{"0":{"name":"updateHandler","decl":{"start":{"line":3,"column":15},"end":{"line":3,"column":28}},"loc":{"start":{"line":3,"column":34},"end":{"line":6,"column":1}}}},"branchMap":{},"s":{"0":0,"1":0,"2":0,"3":0},"f":{"0":0},"b":{}}
,"/mnt/c/Users/Clayton Weller/contraction-tracker/backend/app/integrations/dyanmo/index.ts": {"path":"/mnt/c/Users/Clayton Weller/contraction-tracker/backend/app/integrations/dyanmo/index.ts","statementMap":{"0":{"start":{"line":1,"column":0},"end":{"line":1,"column":39}},"1":{"start":{"line":2,"column":0},"end":{"line":2,"column":30}},"2":{"start":{"line":4,"column":15},"end":{"line":4,"column":48}},"3":{"start":{"line":6,"column":13},"end":{"line":8,"column":null}}},"fnMap":{},"branchMap":{},"s":{"0":0,"1":0,"2":0,"3":0},"f":{},"b":{}}
,"/mnt/c/Users/Clayton Weller/contraction-tracker/backend/app/integrations/dyanmo/labors-table/create.ts": {"path":"/mnt/c/Users/Clayton Weller/contraction-tracker/backend/app/integrations/dyanmo/labors-table/create.ts","statementMap":{"0":{"start":{"line":3,"column":0},"end":{"line":3,"column":34}},"1":{"start":{"line":10,"column":31},"end":{"line":10,"column":37}},"2":{"start":{"line":11,"column":17},"end":{"line":11,"column":64}},"3":{"start":{"line":12,"column":15},"end":{"line":15,"column":4}},"4":{"start":{"line":16,"column":20},"end":{"line":16,"column":43}},"5":{"start":{"line":17,"column":2},"end":{"line":17,"column":null}},"6":{"start":{"line":18,"column":2},"end":{"line":18,"column":null}},"7":{"start":{"line":5,"column":0},"end":{"line":5,"column":7}}},"fnMap":{"0":{"name":"createLabor","decl":{"start":{"line":5,"column":22},"end":{"line":5,"column":33}},"loc":{"start":{"line":8,"column":31},"end":{"line":19,"column":1}}}},"branchMap":{},"s":{"0":0,"1":0,"2":0,"3":0,"4":0,"5":0,"6":0,"7":0},"f":{"0":0},"b":{}}
,"/mnt/c/Users/Clayton Weller/contraction-tracker/backend/app/integrations/dyanmo/labors-table/get.ts": {"path":"/mnt/c/Users/Clayton Weller/contraction-tracker/backend/app/integrations/dyanmo/labors-table/get.ts","statementMap":{"0":{"start":{"line":9,"column":21},"end":{"line":9,"column":27}},"1":{"start":{"line":10,"column":20},"end":{"line":13,"column":null}},"2":{"start":{"line":14,"column":19},"end":{"line":14,"column":56}},"3":{"start":{"line":15,"column":35},"end":{"line":15,"column":63}},"4":{"start":{"line":16,"column":2},"end":{"line":16,"column":null}},"5":{"start":{"line":4,"column":0},"end":{"line":4,"column":7}}},"fnMap":{"0":{"name":"getLabors","decl":{"start":{"line":4,"column":22},"end":{"line":4,"column":31}},"loc":{"start":{"line":7,"column":31},"end":{"line":17,"column":1}}}},"branchMap":{"0":{"loc":{"start":{"line":15,"column":35},"end":{"line":15,"column":63}},"type":"binary-expr","locations":[{"start":{"line":15,"column":35},"end":{"line":15,"column":57}},{"start":{"line":15,"column":61},"end":{"line":15,"column":63}}]}},"s":{"0":0,"1":0,"2":0,"3":0,"4":0,"5":0},"f":{"0":0},"b":{"0":[0,0]}}
,"/mnt/c/Users/Clayton Weller/contraction-tracker/backend/app/integrations/dyanmo/labors-table/index.ts": {"path":"/mnt/c/Users/Clayton Weller/contraction-tracker/backend/app/integrations/dyanmo/labors-table/index.ts","statementMap":{"0":{"start":{"line":1,"column":0},"end":{"line":1,"column":39}},"1":{"start":{"line":4,"column":0},"end":{"line":4,"column":52}},"2":{"start":{"line":5,"column":0},"end":{"line":5,"column":34}},"3":{"start":{"line":7,"column":38},"end":{"line":9,"column":null}},"4":{"start":{"line":12,"column":2},"end":{"line":20,"column":null}},"5":{"start":{"line":15,"column":26},"end":{"line":15,"column":79}},"6":{"start":{"line":18,"column":26},"end":{"line":18,"column":89}},"7":{"start":{"line":19,"column":60},"end":{"line":19,"column":101}},"8":{"start":{"line":11,"column":0},"end":{"line":11,"column":16}}},"fnMap":{"0":{"name":"labor","decl":{"start":{"line":11,"column":16},"end":{"line":11,"column":21}},"loc":{"start":{"line":11,"column":57},"end":{"line":21,"column":1}}},"1":{"name":"(anonymous_1)","decl":{"start":{"line":13,"column":12},"end":{"line":13,"column":17}},"loc":{"start":{"line":15,"column":26},"end":{"line":15,"column":79}}},"2":{"name":"(anonymous_2)","decl":{"start":{"line":16,"column":18},"end":{"line":16,"column":23}},"loc":{"start":{"line":18,"column":26},"end":{"line":18,"column":89}}},"3":{"name":"(anonymous_3)","decl":{"start":{"line":19,"column":15},"end":{"line":19,"column":20}},"loc":{"start":{"line":19,"column":60},"end":{"line":19,"column":101}}}},"branchMap":{},"s":{"0":0,"1":0,"2":0,"3":0,"4":0,"5":0,"6":0,"7":0,"8":0},"f":{"0":0,"1":0,"2":0,"3":0},"b":{}}
,"/mnt/c/Users/Clayton Weller/contraction-tracker/backend/app/integrations/dyanmo/labors-table/update-active.ts": {"path":"/mnt/c/Users/Clayton Weller/contraction-tracker/backend/app/integrations/dyanmo/labors-table/update-active.ts","statementMap":{"0":{"start":{"line":3,"column":0},"end":{"line":3,"column":34}},"1":{"start":{"line":10,"column":35},"end":{"line":10,"column":41}},"2":{"start":{"line":11,"column":25},"end":{"line":11,"column":72}},"3":{"start":{"line":12,"column":2},"end":{"line":12,"column":null}},"4":{"start":{"line":12,"column":30},"end":{"line":12,"column":null}},"5":{"start":{"line":14,"column":17},"end":{"line":14,"column":36}},"6":{"start":{"line":15,"column":20},"end":{"line":15,"column":32}},"7":{"start":{"line":16,"column":2},"end":{"line":16,"column":null}},"8":{"start":{"line":16,"column":26},"end":{"line":16,"column":null}},"9":{"start":{"line":18,"column":15},"end":{"line":21,"column":4}},"10":{"start":{"line":22,"column":20},"end":{"line":22,"column":43}},"11":{"start":{"line":23,"column":2},"end":{"line":23,"column":null}},"12":{"start":{"line":24,"column":2},"end":{"line":24,"column":null}},"13":{"start":{"line":5,"column":0},"end":{"line":5,"column":7}}},"fnMap":{"0":{"name":"updateActiveLabor","decl":{"start":{"line":5,"column":22},"end":{"line":5,"column":39}},"loc":{"start":{"line":8,"column":31},"end":{"line":25,"column":1}}}},"branchMap":{"0":{"loc":{"start":{"line":12,"column":2},"end":{"line":12,"column":null}},"type":"if","locations":[{"start":{"line":12,"column":2},"end":{"line":12,"column":null}}]},"1":{"loc":{"start":{"line":16,"column":2},"end":{"line":16,"column":null}},"type":"if","locations":[{"start":{"line":16,"column":2},"end":{"line":16,"column":null}}]}},"s":{"0":0,"1":0,"2":0,"3":0,"4":0,"5":0,"6":0,"7":0,"8":0,"9":0,"10":0,"11":0,"12":0,"13":0},"f":{"0":0},"b":{"0":[0],"1":[0]}}
,"/mnt/c/Users/Clayton Weller/contraction-tracker/backend/app/utils/default-labor.ts": {"path":"/mnt/c/Users/Clayton Weller/contraction-tracker/backend/app/utils/default-labor.ts","statementMap":{"0":{"start":{"line":1,"column":0},"end":{"line":1,"column":33}},"1":{"start":{"line":4,"column":28},"end":{"line":38,"column":1}},"2":{"start":{"line":5,"column":14},"end":{"line":5,"column":28}},"3":{"start":{"line":6,"column":2},"end":{"line":37,"column":null}},"4":{"start":{"line":4,"column":13},"end":{"line":4,"column":28}}},"fnMap":{"0":{"name":"(anonymous_0)","decl":{"start":{"line":4,"column":28},"end":{"line":4,"column":39}},"loc":{"start":{"line":4,"column":41},"end":{"line":38,"column":1}}}},"branchMap":{},"s":{"0":0,"1":0,"2":0,"3":0,"4":0},"f":{"0":0},"b":{}}
,"/mnt/c/Users/Clayton Weller/contraction-tracker/backend/app/utils/with-error-handling.ts": {"path":"/mnt/c/Users/Clayton Weller/contraction-tracker/backend/app/utils/with-error-handling.ts","statementMap":{"0":{"start":{"line":2,"column":2},"end":{"line":17,"column":null}},"1":{"start":{"line":3,"column":4},"end":{"line":16,"column":null}},"2":{"start":{"line":4,"column":21},"end":{"line":4,"column":41}},"3":{"start":{"line":5,"column":6},"end":{"line":8,"column":null}},"4":{"start":{"line":10,"column":6},"end":{"line":10,"column":null}},"5":{"start":{"line":11,"column":19},"end":{"line":11,"column":67}},"6":{"start":{"line":12,"column":6},"end":{"line":15,"column":null}},"7":{"start":{"line":1,"column":0},"end":{"line":1,"column":16}}},"fnMap":{"0":{"name":"withErrorHandling","decl":{"start":{"line":1,"column":16},"end":{"line":1,"column":33}},"loc":{"start":{"line":1,"column":46},"end":{"line":19,"column":1}}},"1":{"name":"(anonymous_1)","decl":{"start":{"line":2,"column":9},"end":{"line":2,"column":14}},"loc":{"start":{"line":2,"column":25},"end":{"line":17,"column":3}}}},"branchMap":{"0":{"loc":{"start":{"line":11,"column":19},"end":{"line":11,"column":67}},"type":"cond-expr","locations":[{"start":{"line":11,"column":40},"end":{"line":11,"column":49}},{"start":{"line":11,"column":52},"end":{"line":11,"column":67}}]}},"s":{"0":0,"1":0,"2":0,"3":0,"4":0,"5":0,"6":0,"7":0},"f":{"0":0,"1":0},"b":{"0":[0,0]}}
,"/mnt/c/Users/Clayton Weller/contraction-tracker/backend/app/utils/calculate-labor-values/calculate-contraction-values.ts": {"path":"/mnt/c/Users/Clayton Weller/contraction-tracker/backend/app/utils/calculate-labor-values/calculate-contraction-values.ts","statementMap":{"0":{"start":{"line":1,"column":0},"end":{"line":1,"column":32}},"1":{"start":{"line":7,"column":27},"end":{"line":7,"column":32}},"2":{"start":{"line":9,"column":62},"end":{"line":9,"column":93}},"3":{"start":{"line":10,"column":58},"end":{"line":10,"column":88}},"4":{"start":{"line":11,"column":26},"end":{"line":11,"column":61}},"5":{"start":{"line":12,"column":27},"end":{"line":12,"column":64}},"6":{"start":{"line":14,"column":2},"end":{"line":19,"column":null}},"7":{"start":{"line":6,"column":0},"end":{"line":6,"column":16}},"8":{"start":{"line":23,"column":2},"end":{"line":27,"column":null}},"9":{"start":{"line":24,"column":35},"end":{"line":24,"column":46}},"10":{"start":{"line":25,"column":4},"end":{"line":25,"column":null}},"11":{"start":{"line":25,"column":32},"end":{"line":25,"column":null}},"12":{"start":{"line":26,"column":4},"end":{"line":26,"column":null}},"13":{"start":{"line":31,"column":2},"end":{"line":37,"column":null}},"14":{"start":{"line":32,"column":35},"end":{"line":32,"column":46}},"15":{"start":{"line":33,"column":4},"end":{"line":33,"column":null}},"16":{"start":{"line":33,"column":18},"end":{"line":33,"column":null}},"17":{"start":{"line":34,"column":21},"end":{"line":34,"column":58}},"18":{"start":{"line":35,"column":4},"end":{"line":35,"column":null}},"19":{"start":{"line":35,"column":23},"end":{"line":35,"column":null}},"20":{"start":{"line":36,"column":4},"end":{"line":36,"column":null}},"21":{"start":{"line":45,"column":14},"end":{"line":45,"column":43}},"22":{"start":{"line":46,"column":28},"end":{"line":48,"column":25}},"23":{"start":{"line":49,"column":2},"end":{"line":49,"column":null}},"24":{"start":{"line":53,"column":16},"end":{"line":53,"column":55}},"25":{"start":{"line":54,"column":2},"end":{"line":54,"column":null}},"26":{"start":{"line":58,"column":16},"end":{"line":58,"column":64}},"27":{"start":{"line":58,"column":46},"end":{"line":58,"column":60}},"28":{"start":{"line":59,"column":2},"end":{"line":59,"column":null}},"29":{"start":{"line":63,"column":2},"end":{"line":63,"column":null}},"30":{"start":{"line":63,"column":16},"end":{"line":63,"column":null}},"31":{"start":{"line":64,"column":16},"end":{"line":64,"column":43}},"32":{"start":{"line":65,"column":14},"end":{"line":65,"column":39}},"33":{"start":{"line":66,"column":2},"end":{"line":66,"column":null}}},"fnMap":{"0":{"name":"calculateContractionValues","decl":{"start":{"line":6,"column":16},"end":{"line":6,"column":42}},"loc":{"start":{"line":6,"column":56},"end":{"line":20,"column":1}}},"1":{"name":"extractIntesities","decl":{"start":{"line":22,"column":9},"end":{"line":22,"column":26}},"loc":{"start":{"line":22,"column":55},"end":{"line":28,"column":1}}},"2":{"name":"(anonymous_2)","decl":{"start":{"line":23,"column":29},"end":{"line":23,"column":30}},"loc":{"start":{"line":23,"column":62},"end":{"line":27,"column":3}}},"3":{"name":"extractDurations","decl":{"start":{"line":30,"column":9},"end":{"line":30,"column":25}},"loc":{"start":{"line":30,"column":54},"end":{"line":38,"column":1}}},"4":{"name":"(anonymous_4)","decl":{"start":{"line":31,"column":29},"end":{"line":31,"column":30}},"loc":{"start":{"line":31,"column":62},"end":{"line":37,"column":3}}},"5":{"name":"addToAllAndLastHour","decl":{"start":{"line":40,"column":9},"end":{"line":40,"column":28}},"loc":{"start":{"line":43,"column":27},"end":{"line":50,"column":1}}},"6":{"name":"isInLastHour","decl":{"start":{"line":52,"column":9},"end":{"line":52,"column":21}},"loc":{"start":{"line":52,"column":47},"end":{"line":55,"column":1}}},"7":{"name":"calculateAverage","decl":{"start":{"line":57,"column":9},"end":{"line":57,"column":25}},"loc":{"start":{"line":57,"column":39},"end":{"line":60,"column":1}}},"8":{"name":"(anonymous_8)","decl":{"start":{"line":58,"column":27},"end":{"line":58,"column":28}},"loc":{"start":{"line":58,"column":46},"end":{"line":58,"column":60}}},"9":{"name":"calculateDuration","decl":{"start":{"line":62,"column":9},"end":{"line":62,"column":26}},"loc":{"start":{"line":62,"column":62},"end":{"line":67,"column":1}}}},"branchMap":{"0":{"loc":{"start":{"line":25,"column":4},"end":{"line":25,"column":null}},"type":"if","locations":[{"start":{"line":25,"column":4},"end":{"line":25,"column":null}}]},"1":{"loc":{"start":{"line":25,"column":8},"end":{"line":25,"column":30}},"type":"binary-expr","locations":[{"start":{"line":25,"column":8},"end":{"line":25,"column":16}},{"start":{"line":25,"column":20},"end":{"line":25,"column":30}}]},"2":{"loc":{"start":{"line":33,"column":4},"end":{"line":33,"column":null}},"type":"if","locations":[{"start":{"line":33,"column":4},"end":{"line":33,"column":null}}]},"3":{"loc":{"start":{"line":35,"column":4},"end":{"line":35,"column":null}},"type":"if","locations":[{"start":{"line":35,"column":4},"end":{"line":35,"column":null}}]},"4":{"loc":{"start":{"line":46,"column":28},"end":{"line":48,"column":25}},"type":"cond-expr","locations":[{"start":{"line":47,"column":6},"end":{"line":47,"column":40}},{"start":{"line":48,"column":6},"end":{"line":48,"column":25}}]},"5":{"loc":{"start":{"line":63,"column":2},"end":{"line":63,"column":null}},"type":"if","locations":[{"start":{"line":63,"column":2},"end":{"line":63,"column":null}}]}},"s":{"0":0,"1":0,"2":0,"3":0,"4":0,"5":0,"6":0,"7":0,"8":0,"9":0,"10":0,"11":0,"12":0,"13":0,"14":0,"15":0,"16":0,"17":0,"18":0,"19":0,"20":0,"21":0,"22":0,"23":0,"24":0,"25":0,"26":0,"27":0,"28":0,"29":0,"30":0,"31":0,"32":0,"33":0},"f":{"0":0,"1":0,"2":0,"3":0,"4":0,"5":0,"6":0,"7":0,"8":0,"9":0},"b":{"0":[0],"1":[0,0],"2":[0],"3":[0],"4":[0,0],"5":[0]}}
,"/mnt/c/Users/Clayton Weller/contraction-tracker/backend/app/utils/calculate-labor-values/index.ts": {"path":"/mnt/c/Users/Clayton Weller/contraction-tracker/backend/app/utils/calculate-labor-values/index.ts","statementMap":{"0":{"start":{"line":3,"column":0},"end":{"line":3,"column":75}},"1":{"start":{"line":6,"column":22},"end":{"line":6,"column":55}},"2":{"start":{"line":7,"column":15},"end":{"line":7,"column":41}},"3":{"start":{"line":8,"column":2},"end":{"line":14,"column":null}},"4":{"start":{"line":5,"column":0},"end":{"line":5,"column":16}},"5":{"start":{"line":19,"column":2},"end":{"line":23,"column":null}}},"fnMap":{"0":{"name":"calculateLaborValues","decl":{"start":{"line":5,"column":16},"end":{"line":5,"column":36}},"loc":{"start":{"line":5,"column":50},"end":{"line":15,"column":1}}},"1":{"name":"calculateRestValues","decl":{"start":{"line":18,"column":9},"end":{"line":18,"column":28}},"loc":{"start":{"line":18,"column":42},"end":{"line":24,"column":1}}}},"branchMap":{},"s":{"0":0,"1":0,"2":0,"3":0,"4":0,"5":0},"f":{"0":0,"1":0},"b":{}}
}
