TN:
SF:app/handlers/labor/create.ts
FN:6,createHandler
FNF:1
FNH:0
FNDA:0,createHandler
DA:1,0
DA:2,0
DA:3,0
DA:4,0
DA:7,0
DA:8,0
DA:9,0
DA:10,0
DA:11,0
DA:14,0
LF:10
LH:0
BRF:0
BRH:0
end_of_record
TN:
SF:app/handlers/labor/update.ts
FN:3,updateHandler
FNF:1
FNH:0
FNDA:0,updateHandler
DA:1,0
DA:4,0
DA:5,0
DA:8,0
LF:4
LH:0
BRF:0
BRH:0
end_of_record
TN:
SF:app/integrations/dyanmo/index.ts
FNF:0
FNH:0
DA:1,0
DA:2,0
DA:4,0
DA:6,0
LF:4
LH:0
BRF:0
BRH:0
end_of_record
TN:
SF:app/integrations/dyanmo/labors-table/create.ts
FN:5,createLabor
FNF:1
FNH:0
FNDA:0,createLabor
DA:3,0
DA:5,0
DA:10,0
DA:11,0
DA:12,0
DA:16,0
DA:17,0
DA:18,0
LF:8
LH:0
BRF:0
BRH:0
end_of_record
TN:
SF:app/integrations/dyanmo/labors-table/get.ts
FN:4,getLabors
FNF:1
FNH:0
FNDA:0,getLabors
DA:4,0
DA:9,0
DA:10,0
DA:14,0
DA:15,0
DA:16,0
LF:6
LH:0
BRDA:15,0,0,0
BRDA:15,0,1,0
BRF:2
BRH:0
end_of_record
TN:
SF:app/integrations/dyanmo/labors-table/index.ts
FN:11,labor
FN:13,(anonymous_1)
FN:16,(anonymous_2)
FN:19,(anonymous_3)
FNF:4
FNH:0
FNDA:0,labor
FNDA:0,(anonymous_1)
FNDA:0,(anonymous_2)
FNDA:0,(anonymous_3)
DA:1,0
DA:4,0
DA:5,0
DA:7,0
DA:11,0
DA:12,0
DA:15,0
DA:18,0
DA:19,0
LF:9
LH:0
BRF:0
BRH:0
end_of_record
TN:
SF:app/integrations/dyanmo/labors-table/update-active.ts
FN:5,updateActiveLabor
FNF:1
FNH:0
FNDA:0,updateActiveLabor
DA:3,0
DA:5,0
DA:10,0
DA:11,0
DA:12,0
DA:14,0
DA:15,0
DA:16,0
DA:18,0
DA:22,0
DA:23,0
DA:24,0
LF:12
LH:0
BRDA:12,0,0,0
BRDA:16,1,0,0
BRF:2
BRH:0
end_of_record
TN:
SF:app/utils/default-labor.ts
FN:4,(anonymous_0)
FNF:1
FNH:0
FNDA:0,(anonymous_0)
DA:1,0
DA:4,0
DA:5,0
DA:6,0
LF:4
LH:0
BRF:0
BRH:0
end_of_record
TN:
SF:app/utils/with-error-handling.ts
FN:1,withErrorHandling
FN:2,(anonymous_1)
FNF:2
FNH:0
FNDA:0,withErrorHandling
FNDA:0,(anonymous_1)
DA:1,0
DA:2,0
DA:3,0
DA:4,0
DA:5,0
DA:10,0
DA:11,0
DA:12,0
LF:8
LH:0
BRDA:11,0,0,0
BRDA:11,0,1,0
BRF:2
BRH:0
end_of_record
TN:
SF:app/utils/calculate-labor-values/calculate-contraction-values.ts
FN:6,calculateContractionValues
FN:22,extractIntesities
FN:23,(anonymous_2)
FN:30,extractDurations
FN:31,(anonymous_4)
FN:40,addToAllAndLastHour
FN:52,isInLastHour
FN:57,calculateAverage
FN:58,(anonymous_8)
FN:62,calculateDuration
FNF:10
FNH:0
FNDA:0,calculateContractionValues
FNDA:0,extractIntesities
FNDA:0,(anonymous_2)
FNDA:0,extractDurations
FNDA:0,(anonymous_4)
FNDA:0,addToAllAndLastHour
FNDA:0,isInLastHour
FNDA:0,calculateAverage
FNDA:0,(anonymous_8)
FNDA:0,calculateDuration
DA:1,0
DA:6,0
DA:7,0
DA:9,0
DA:10,0
DA:11,0
DA:12,0
DA:14,0
DA:23,0
DA:24,0
DA:25,0
DA:26,0
DA:31,0
DA:32,0
DA:33,0
DA:34,0
DA:35,0
DA:36,0
DA:45,0
DA:46,0
DA:49,0
DA:53,0
DA:54,0
DA:58,0
DA:59,0
DA:63,0
DA:64,0
DA:65,0
DA:66,0
LF:29
LH:0
BRDA:25,0,0,0
BRDA:25,1,0,0
BRDA:25,1,1,0
BRDA:33,2,0,0
BRDA:35,3,0,0
BRDA:46,4,0,0
BRDA:46,4,1,0
BRDA:63,5,0,0
BRF:8
BRH:0
end_of_record
TN:
SF:app/utils/calculate-labor-values/index.ts
FN:5,calculateLaborValues
FN:18,calculateRestValues
FNF:2
FNH:0
FNDA:0,calculateLaborValues
FNDA:0,calculateRestValues
DA:3,0
DA:5,0
DA:6,0
DA:7,0
DA:8,0
DA:19,0
LF:6
LH:0
BRF:0
BRH:0
end_of_record
